<?xml version="1.0" encoding="UTF-8"?>
<!-- Generated by org.testng.reporters.JUnitReportReporter -->
<testsuite hostname="LAPTOP-V6HT4II3" failures="0" tests="3" name="first.class6extent" time="102.433" errors="0" timestamp="29 Jan 2024 10:30:37 GMT">
  <testcase classname="first.class6extent" name="wishlist" time="28.802"/>
  <testcase classname="first.class6extent" name="Emailtofriend" time="37.746"/>
  <testcase classname="first.class6extent" name="addtocartproduct" time="35.885"/>
</testsuite> <!-- first.class6extent -->
